<?xml version="1.0" encoding="UTF-8"?>
<!-- Generated by org.testng.reporters.JUnitReportReporter -->
<testsuite hostname="DESKTOP-20SO9CP" failures="0" tests="1" name="Gitpractice.Demo" time="0.015" errors="0" timestamp="2023-08-03T15:54:45 CEST" skipped="0">
  <testcase classname="Gitpractice.Demo" name="sample" time="0.015"/>
  <system-out/>
</testsuite> <!-- Gitpractice.Demo -->
