<?xml version="1.0" encoding="UTF-8"?>
<!-- Generated by org.testng.reporters.JUnitReportReporter -->
<testsuite hostname="DESKTOP-20SO9CP" failures="0" tests="1" name="Gitpractice.Sample" time="0.012" errors="0" timestamp="2023-08-03T16:36:54 CEST" skipped="0">
  <testcase classname="Gitpractice.Sample" name="demoMethod" time="0.012"/>
  <system-out/>
</testsuite> <!-- Gitpractice.Sample -->
