<?xml version="1.0" encoding="UTF-8"?>
<!-- Generated by org.testng.reporters.JUnitReportReporter -->
<testsuite hostname="DESKTOP-20SO9CP" failures="0" tests="1" name="Gitpractice.Update" time="0.011" errors="0" timestamp="2023-08-03T17:09:03 CEST" skipped="0">
  <testcase classname="Gitpractice.Update" name="update" time="0.011"/>
  <system-out/>
</testsuite> <!-- Gitpractice.Update -->
